<?xml version="1.0" encoding="UTF-8" standalone="no"?>
<testsuite failures="0" name="cucumber.runtime.formatter.JUnitFormatter" skipped="0" tests="1" time="17.849173">
<testcase classname="cook and chef Login feature" name="cook and chef Login scenario" time="17.849173">
<system-out><![CDATA[Given user is already on login Page.........................................passed
When title of login page is Login Title.....................................passed
Then user enters username  and enters password..............................passed
Then user clicks on login button............................................passed
Then user is on homepage....................................................passed
]]></system-out>
</testcase>
</testsuite>
